<?xml version="1.0" encoding="UTF-8"?>
<testsuite name="com.three.amigo.startar.NameScoringProcessTest" tests="2" skipped="0" failures="0" errors="0" timestamp="2020-03-11T13:04:35" hostname="Prabhus-MBP.lan1" time="0.178">
  <properties/>
  <testcase name="testStart" classname="com.three.amigo.startar.NameScoringProcessTest" time="0.176"/>
  <testcase name="testValidate" classname="com.three.amigo.startar.NameScoringProcessTest" time="0.0"/>
  <system-out><![CDATA[]]></system-out>
  <system-err><![CDATA[]]></system-err>
</testsuite>
