<?xml version="1.0" encoding="UTF-8"?>
<testsuite name="com.three.amigo.service.NameScoreServiceImplTest" tests="5" skipped="0" failures="0" errors="0" timestamp="2020-03-11T13:04:35" hostname="Prabhus-MBP.lan1" time="0.091">
  <properties/>
  <testcase name="testGetSortedNamesFromFile" classname="com.three.amigo.service.NameScoreServiceImplTest" time="0.063"/>
  <testcase name="testGetDepartmentName" classname="com.three.amigo.service.NameScoreServiceImplTest" time="0.001"/>
  <testcase name="testGetNameScoreWithStream" classname="com.three.amigo.service.NameScoreServiceImplTest" time="0.022"/>
  <testcase name="testGetNameScoreWithList" classname="com.three.amigo.service.NameScoreServiceImplTest" time="0.0"/>
  <testcase name="testGetNameScoreWithName" classname="com.three.amigo.service.NameScoreServiceImplTest" time="0.0"/>
  <system-out><![CDATA[]]></system-out>
  <system-err><![CDATA[]]></system-err>
</testsuite>
