<?xml version="1.0" encoding="UTF-8"?>
<testsuite name="com.three.amigo.startar.StartProcessIntegrationTest" tests="1" skipped="0" failures="0" errors="0" timestamp="2020-03-11T13:04:35" hostname="Prabhus-MBP.lan1" time="0.123">
  <properties/>
  <testcase name="getNameScore" classname="com.three.amigo.startar.StartProcessIntegrationTest" time="0.123"/>
  <system-out><![CDATA[totalNameScore 871198282
]]></system-out>
  <system-err><![CDATA[]]></system-err>
</testsuite>
